#-----------------------------------------------------------
# Vivado v2018.2 (64-bit)
# SW Build 2258646 on Thu Jun 14 20:03:12 MDT 2018
# IP Build 2256618 on Thu Jun 14 22:10:49 MDT 2018
# Start of session at: Wed Feb 20 00:09:33 2019
# Process ID: 1172
# Current directory: C:/Users/Chris/Documents/GitHub/CECS_460/ProjectOne_460_blaze
# Command line: vivado.exe -gui_launcher_event rodinguilauncherevent16972 C:\Users\Chris\Documents\GitHub\CECS_460\ProjectOne_460_blaze\ProjectOne_460_blaze.xpr
# Log file: C:/Users/Chris/Documents/GitHub/CECS_460/ProjectOne_460_blaze/vivado.log
# Journal file: C:/Users/Chris/Documents/GitHub/CECS_460/ProjectOne_460_blaze\vivado.jou
#-----------------------------------------------------------
start_gui
open_project C:/Users/Chris/Documents/GitHub/CECS_460/ProjectOne_460_blaze/ProjectOne_460_blaze.xpr
Scanning sources...
Finished scanning sources
INFO: [IP_Flow 19-234] Refreshing IP repositories
INFO: [IP_Flow 19-1704] No user IP repositories specified
INFO: [IP_Flow 19-2313] Loaded Vivado IP repository 'C:/Xilinx/Vivado/2018.2/data/ip'.
WARNING: [IP_Flow 19-3664] IP 'scratch_ram' generated file not found 'c:/Users/Chris/Documents/GitHub/CECS_460/ProjectOne_460_blaze/ProjectOne_460_blaze.srcs/sources_1/ip/scratch_ram/scratch_ram_ooc.xdc'. Please regenerate to continue.
WARNING: [IP_Flow 19-3664] IP 'scratch_ram' generated file not found 'c:/Users/Chris/Documents/GitHub/CECS_460/ProjectOne_460_blaze/ProjectOne_460_blaze.srcs/sources_1/ip/scratch_ram/hdl/dist_mem_gen_v8_0_vhsyn_rfs.vhd'. Please regenerate to continue.
WARNING: [IP_Flow 19-3664] IP 'scratch_ram' generated file not found 'c:/Users/Chris/Documents/GitHub/CECS_460/ProjectOne_460_blaze/ProjectOne_460_blaze.srcs/sources_1/ip/scratch_ram/doc/dist_mem_gen_v8_0_changelog.txt'. Please regenerate to continue.
WARNING: [IP_Flow 19-3664] IP 'stack_ram' generated file not found 'c:/Users/Chris/Documents/GitHub/CECS_460/ProjectOne_460_blaze/ProjectOne_460_blaze.srcs/sources_1/ip/stack_ram/stack_ram_ooc.xdc'. Please regenerate to continue.
WARNING: [IP_Flow 19-3664] IP 'stack_ram' generated file not found 'c:/Users/Chris/Documents/GitHub/CECS_460/ProjectOne_460_blaze/ProjectOne_460_blaze.srcs/sources_1/ip/stack_ram/hdl/dist_mem_gen_v8_0_vhsyn_rfs.vhd'. Please regenerate to continue.
WARNING: [IP_Flow 19-3664] IP 'stack_ram' generated file not found 'c:/Users/Chris/Documents/GitHub/CECS_460/ProjectOne_460_blaze/ProjectOne_460_blaze.srcs/sources_1/ip/stack_ram/doc/dist_mem_gen_v8_0_changelog.txt'. Please regenerate to continue.
WARNING: [IP_Flow 19-3664] IP 'tb_rom' generated file not found 'c:/Users/Chris/Documents/GitHub/CECS_460/ProjectOne_460_blaze/ProjectOne_460_blaze.srcs/sources_1/ip/tb_rom/tb_rom_ooc.xdc'. Please regenerate to continue.
WARNING: [IP_Flow 19-3664] IP 'tb_rom' generated file not found 'c:/Users/Chris/Documents/GitHub/CECS_460/ProjectOne_460_blaze/ProjectOne_460_blaze.srcs/sources_1/ip/tb_rom/hdl/dist_mem_gen_v8_0_vhsyn_rfs.vhd'. Please regenerate to continue.
WARNING: [IP_Flow 19-3664] IP 'tb_rom' generated file not found 'c:/Users/Chris/Documents/GitHub/CECS_460/ProjectOne_460_blaze/ProjectOne_460_blaze.srcs/sources_1/ip/tb_rom/simulation/dist_mem_gen_v8_0.v'. Please regenerate to continue.
WARNING: [IP_Flow 19-3664] IP 'tb_rom' generated file not found 'c:/Users/Chris/Documents/GitHub/CECS_460/ProjectOne_460_blaze/ProjectOne_460_blaze.srcs/sources_1/ip/tb_rom/doc/dist_mem_gen_v8_0_changelog.txt'. Please regenerate to continue.
open_project: Time (s): cpu = 00:00:11 ; elapsed = 00:00:05 . Memory (MB): peak = 798.488 ; gain = 116.891
exit
INFO: [Common 17-206] Exiting Vivado at Wed Feb 20 00:21:57 2019...
