#-----------------------------------------------------------
# Vivado v2018.2 (64-bit)
# SW Build 2258646 on Thu Jun 14 20:03:12 MDT 2018
# IP Build 2256618 on Thu Jun 14 22:10:49 MDT 2018
# Start of session at: Mon Feb  4 00:53:02 2019
# Process ID: 11336
# Current directory: C:/Users/Chris/Documents/GitHub/CECS_460/project_1
# Command line: vivado.exe -gui_launcher_event rodinguilauncherevent12368 C:\Users\Chris\Documents\GitHub\CECS_460\project_1\project_1.xpr
# Log file: C:/Users/Chris/Documents/GitHub/CECS_460/project_1/vivado.log
# Journal file: C:/Users/Chris/Documents/GitHub/CECS_460/project_1\vivado.jou
#-----------------------------------------------------------
start_gui
open_project C:/Users/Chris/Documents/GitHub/CECS_460/project_1/project_1.xpr
Scanning sources...
Finished scanning sources
INFO: [IP_Flow 19-234] Refreshing IP repositories
INFO: [IP_Flow 19-1704] No user IP repositories specified
INFO: [IP_Flow 19-2313] Loaded Vivado IP repository 'C:/Xilinx/Vivado/2018.2/data/ip'.
update_compile_order -fileset sources_1
file mkdir C:/Users/Chris/Documents/GitHub/CECS_460/project_1/project_1.srcs/constrs_1
close [ open C:/Users/Chris/Documents/GitHub/CECS_460/project_1/project_1.srcs/sources_1/new/px_controller.v w ]
add_files C:/Users/Chris/Documents/GitHub/CECS_460/project_1/project_1.srcs/sources_1/new/px_controller.v
update_compile_order -fileset sources_1
update_compile_order -fileset sources_1
update_compile_order -fileset sources_1
update_compile_order -fileset sources_1
update_compile_order -fileset sources_1
exit
INFO: [Common 17-206] Exiting Vivado at Mon Feb  4 01:33:03 2019...
