
*** Running vivado
    with args -log top_module.vds -m64 -product Vivado -mode batch -messageDb vivado.pb -notrace -source top_module.tcl


****** Vivado v2018.2 (64-bit)
  **** SW Build 2258646 on Thu Jun 14 20:03:12 MDT 2018
  **** IP Build 2256618 on Thu Jun 14 22:10:49 MDT 2018
    ** Copyright 1986-2018 Xilinx, Inc. All Rights Reserved.

source top_module.tcl -notrace
Command: synth_design -top top_module -part xc7a100tcsg324-1
Starting synth_design
Attempting to get a license for feature 'Synthesis' and/or device 'xc7a100t'
INFO: [Common 17-349] Got license for feature 'Synthesis' and/or device 'xc7a100t'
INFO: Launching helper process for spawning children vivado processes
INFO: Helper process launched with PID 21012 
---------------------------------------------------------------------------------
Starting RTL Elaboration : Time (s): cpu = 00:00:02 ; elapsed = 00:00:03 . Memory (MB): peak = 385.922 ; gain = 97.574
---------------------------------------------------------------------------------
INFO: [Synth 8-6157] synthesizing module 'top_module' [C:/Users/Chris/Desktop/Github/cecs460/ProjectOne_460_blaze/ProjectOne_460_blaze.srcs/sources_1/new/top_module.v:15]
INFO: [Synth 8-6157] synthesizing module 'AISO' [C:/Users/Chris/Desktop/Github/cecs460/ProjectOne_460_blaze/ProjectOne_460_blaze.srcs/sources_1/new/AISO.v:17]
INFO: [Synth 8-6155] done synthesizing module 'AISO' (1#1) [C:/Users/Chris/Desktop/Github/cecs460/ProjectOne_460_blaze/ProjectOne_460_blaze.srcs/sources_1/new/AISO.v:17]
INFO: [Synth 8-6157] synthesizing module 'debounce' [C:/Users/Chris/Desktop/Github/cecs460/ProjectOne_460_blaze/ProjectOne_460_blaze.srcs/sources_1/new/debounce.v:18]
INFO: [Synth 8-226] default block is never used [C:/Users/Chris/Desktop/Github/cecs460/ProjectOne_460_blaze/ProjectOne_460_blaze.srcs/sources_1/new/debounce.v:129]
INFO: [Synth 8-6155] done synthesizing module 'debounce' (2#1) [C:/Users/Chris/Desktop/Github/cecs460/ProjectOne_460_blaze/ProjectOne_460_blaze.srcs/sources_1/new/debounce.v:18]
INFO: [Synth 8-6157] synthesizing module 'PED' [C:/Users/Chris/Desktop/Github/cecs460/ProjectOne_460_blaze/ProjectOne_460_blaze.srcs/sources_1/new/PED.v:16]
INFO: [Synth 8-6155] done synthesizing module 'PED' (3#1) [C:/Users/Chris/Desktop/Github/cecs460/ProjectOne_460_blaze/ProjectOne_460_blaze.srcs/sources_1/new/PED.v:16]
INFO: [Synth 8-6157] synthesizing module 'sr_flop' [C:/Users/Chris/Desktop/Github/cecs460/ProjectOne_460_blaze/ProjectOne_460_blaze.srcs/sources_1/new/sr_flop.v:23]
INFO: [Synth 8-6155] done synthesizing module 'sr_flop' (4#1) [C:/Users/Chris/Desktop/Github/cecs460/ProjectOne_460_blaze/ProjectOne_460_blaze.srcs/sources_1/new/sr_flop.v:23]
INFO: [Synth 8-6157] synthesizing module 'tramelblaze_top' [C:/Users/Chris/Desktop/Github/cecs460/ProjectOne_460_blaze/ProjectOne_460_blaze.srcs/sources_1/new/tramelblaze_top.v:37]
INFO: [Synth 8-6157] synthesizing module 'tramelblaze' [C:/Users/Chris/Desktop/Github/cecs460/ProjectOne_460_blaze/ProjectOne_460_blaze.srcs/sources_1/new/tramelblaze.v:52]
	Parameter INTERRUPT_ADDRESS bound to: 16'b0000111111111110 
	Parameter FETCH bound to: 5'b00000 
	Parameter DECODE bound to: 5'b00001 
	Parameter SECOND bound to: 5'b00010 
	Parameter THIRD bound to: 5'b00011 
	Parameter EXECUTE bound to: 5'b00100 
	Parameter ENDIT bound to: 5'b00101 
	Parameter ENDCALL bound to: 5'b00110 
	Parameter ENDRET bound to: 5'b00111 
	Parameter ENDRET2 bound to: 5'b01000 
	Parameter ENDRET3 bound to: 5'b01001 
	Parameter OUTPUT_XK_2 bound to: 5'b01010 
	Parameter OUTPUT_XY_2 bound to: 5'b01011 
	Parameter INPUT_XP_2 bound to: 5'b01100 
	Parameter INPUT_XY_2 bound to: 5'b01101 
	Parameter FETCH_XK_2 bound to: 5'b01110 
	Parameter FETCH_XY_2 bound to: 5'b01111 
	Parameter STORE_XK_2 bound to: 5'b10000 
	Parameter STORE_XY_2 bound to: 5'b10001 
	Parameter NOTHING bound to: 5'b00000 
	Parameter ADD bound to: 5'b00001 
	Parameter ADDC bound to: 5'b00010 
	Parameter AND bound to: 5'b00011 
	Parameter SUB bound to: 5'b00100 
	Parameter OR bound to: 5'b00101 
	Parameter RLX bound to: 5'b00110 
	Parameter RRX bound to: 5'b00111 
	Parameter SL0X bound to: 5'b01000 
	Parameter SL1X bound to: 5'b01001 
	Parameter SLAX bound to: 5'b01010 
	Parameter SLXX bound to: 5'b01011 
	Parameter SR0X bound to: 5'b01100 
	Parameter SR1X bound to: 5'b01101 
	Parameter SRAX bound to: 5'b01110 
	Parameter SRXX bound to: 5'b01111 
	Parameter XOR bound to: 5'b10000 
	Parameter SUBC bound to: 5'b10001 
	Parameter NOP bound to: 7'b0000000 
	Parameter ADD_XK bound to: 7'b0000010 
	Parameter ADD_XY bound to: 7'b0000100 
	Parameter ADDCY_XK bound to: 7'b0000110 
	Parameter ADDCY_XY bound to: 7'b0001000 
	Parameter AND_XK bound to: 7'b0001010 
	Parameter AND_XY bound to: 7'b0001100 
	Parameter CALL_AAA bound to: 7'b0001110 
	Parameter CALLC_AAA bound to: 7'b0010000 
	Parameter CALLNC_AAA bound to: 7'b0010010 
	Parameter CALLZ_AAA bound to: 7'b0010100 
	Parameter CALLNZ_AAA bound to: 7'b0010110 
	Parameter COMP_XK bound to: 7'b0011000 
	Parameter COMP_XY bound to: 7'b0011010 
	Parameter DISINT bound to: 7'b0011100 
	Parameter ENINT bound to: 7'b0011110 
	Parameter INPUT_XY bound to: 7'b0100000 
	Parameter INPUT_XP bound to: 7'b0100010 
	Parameter JUMP_AAA bound to: 7'b0100100 
	Parameter JUMPC_AAA bound to: 7'b0100110 
	Parameter JUMPNC_AAA bound to: 7'b0101000 
	Parameter JUMPZ_AAA bound to: 7'b0101010 
	Parameter JUMPNZ_AAA bound to: 7'b0101100 
	Parameter LOAD_XK bound to: 7'b0101110 
	Parameter LOAD_XY bound to: 7'b0110000 
	Parameter OR_XK bound to: 7'b0110010 
	Parameter OR_XY bound to: 7'b0110100 
	Parameter OUTPUT_XY bound to: 7'b0110110 
	Parameter OUTPUT_XK bound to: 7'b0111000 
	Parameter RETURN bound to: 7'b0111010 
	Parameter RETURN_C bound to: 7'b0111100 
	Parameter RETURN_NC bound to: 7'b0111110 
	Parameter RETURN_Z bound to: 7'b1000000 
	Parameter RETURN_NZ bound to: 7'b1000010 
	Parameter RETURN_DIS bound to: 7'b1000100 
	Parameter RETURN_EN bound to: 7'b1000110 
	Parameter RL_X bound to: 7'b1001000 
	Parameter RR_X bound to: 7'b1001010 
	Parameter SL0_X bound to: 7'b1001100 
	Parameter SL1_X bound to: 7'b1001110 
	Parameter SLA_X bound to: 7'b1010000 
	Parameter SLX_X bound to: 7'b1010010 
	Parameter SR0_X bound to: 7'b1010100 
	Parameter SR1_X bound to: 7'b1010110 
	Parameter SRA_X bound to: 7'b1011000 
	Parameter SRX_X bound to: 7'b1011010 
	Parameter SUB_XK bound to: 7'b1011100 
	Parameter SUB_XY bound to: 7'b1011110 
	Parameter SUBC_XK bound to: 7'b1100000 
	Parameter SUBC_XY bound to: 7'b1100010 
	Parameter TEST_XK bound to: 7'b1100100 
	Parameter TEST_XY bound to: 7'b1100110 
	Parameter XOR_XK bound to: 7'b1101000 
	Parameter XOR_XY bound to: 7'b1101010 
	Parameter FETCH_XK bound to: 7'b1110000 
	Parameter FETCH_XY bound to: 7'b1110010 
	Parameter STORE_XK bound to: 7'b1110100 
	Parameter STORE_XY bound to: 7'b1110110 
INFO: [Synth 8-6157] synthesizing module 'stack_ram' [C:/Users/Chris/Desktop/Github/cecs460/ProjectOne_460_blaze/ProjectOne_460_blaze.runs/synth_1/.Xil/Vivado-13316-DESKTOP-M1KD6LV/realtime/stack_ram_stub.v:6]
INFO: [Synth 8-6155] done synthesizing module 'stack_ram' (5#1) [C:/Users/Chris/Desktop/Github/cecs460/ProjectOne_460_blaze/ProjectOne_460_blaze.runs/synth_1/.Xil/Vivado-13316-DESKTOP-M1KD6LV/realtime/stack_ram_stub.v:6]
INFO: [Synth 8-6157] synthesizing module 'scratch_ram' [C:/Users/Chris/Desktop/Github/cecs460/ProjectOne_460_blaze/ProjectOne_460_blaze.runs/synth_1/.Xil/Vivado-13316-DESKTOP-M1KD6LV/realtime/scratch_ram_stub.v:6]
INFO: [Synth 8-6155] done synthesizing module 'scratch_ram' (6#1) [C:/Users/Chris/Desktop/Github/cecs460/ProjectOne_460_blaze/ProjectOne_460_blaze.runs/synth_1/.Xil/Vivado-13316-DESKTOP-M1KD6LV/realtime/scratch_ram_stub.v:6]
INFO: [Synth 8-6155] done synthesizing module 'tramelblaze' (7#1) [C:/Users/Chris/Desktop/Github/cecs460/ProjectOne_460_blaze/ProjectOne_460_blaze.srcs/sources_1/new/tramelblaze.v:52]
INFO: [Synth 8-6157] synthesizing module 'tb_rom' [C:/Users/Chris/Desktop/Github/cecs460/ProjectOne_460_blaze/ProjectOne_460_blaze.runs/synth_1/.Xil/Vivado-13316-DESKTOP-M1KD6LV/realtime/tb_rom_stub.v:6]
INFO: [Synth 8-6155] done synthesizing module 'tb_rom' (8#1) [C:/Users/Chris/Desktop/Github/cecs460/ProjectOne_460_blaze/ProjectOne_460_blaze.runs/synth_1/.Xil/Vivado-13316-DESKTOP-M1KD6LV/realtime/tb_rom_stub.v:6]
INFO: [Synth 8-6155] done synthesizing module 'tramelblaze_top' (9#1) [C:/Users/Chris/Desktop/Github/cecs460/ProjectOne_460_blaze/ProjectOne_460_blaze.srcs/sources_1/new/tramelblaze_top.v:37]
WARNING: [Synth 8-689] width (1) of port connection 'IN_PORT' does not match port width (16) of module 'tramelblaze_top' [C:/Users/Chris/Desktop/Github/cecs460/ProjectOne_460_blaze/ProjectOne_460_blaze.srcs/sources_1/new/top_module.v:50]
INFO: [Synth 8-6157] synthesizing module 'd_ff' [C:/Users/Chris/Desktop/Github/cecs460/ProjectOne_460_blaze/ProjectOne_460_blaze.srcs/sources_1/new/d_ff.v:23]
INFO: [Synth 8-6155] done synthesizing module 'd_ff' (10#1) [C:/Users/Chris/Desktop/Github/cecs460/ProjectOne_460_blaze/ProjectOne_460_blaze.srcs/sources_1/new/d_ff.v:23]
INFO: [Synth 8-6157] synthesizing module 'display' [C:/Users/Chris/Desktop/Github/cecs460/ProjectOne_460_blaze/ProjectOne_460_blaze.srcs/sources_1/new/display.v:16]
INFO: [Synth 8-226] default block is never used [C:/Users/Chris/Desktop/Github/cecs460/ProjectOne_460_blaze/ProjectOne_460_blaze.srcs/sources_1/new/display.v:67]
INFO: [Synth 8-226] default block is never used [C:/Users/Chris/Desktop/Github/cecs460/ProjectOne_460_blaze/ProjectOne_460_blaze.srcs/sources_1/new/display.v:96]
INFO: [Synth 8-226] default block is never used [C:/Users/Chris/Desktop/Github/cecs460/ProjectOne_460_blaze/ProjectOne_460_blaze.srcs/sources_1/new/display.v:113]
INFO: [Synth 8-226] default block is never used [C:/Users/Chris/Desktop/Github/cecs460/ProjectOne_460_blaze/ProjectOne_460_blaze.srcs/sources_1/new/display.v:133]
INFO: [Synth 8-6155] done synthesizing module 'display' (11#1) [C:/Users/Chris/Desktop/Github/cecs460/ProjectOne_460_blaze/ProjectOne_460_blaze.srcs/sources_1/new/display.v:16]
INFO: [Synth 8-6155] done synthesizing module 'top_module' (12#1) [C:/Users/Chris/Desktop/Github/cecs460/ProjectOne_460_blaze/ProjectOne_460_blaze.srcs/sources_1/new/top_module.v:15]
---------------------------------------------------------------------------------
Finished RTL Elaboration : Time (s): cpu = 00:00:03 ; elapsed = 00:00:04 . Memory (MB): peak = 440.582 ; gain = 152.234
---------------------------------------------------------------------------------

Report Check Netlist: 
+------+------------------+-------+---------+-------+------------------+
|      |Item              |Errors |Warnings |Status |Description       |
+------+------------------+-------+---------+-------+------------------+
|1     |multi_driven_nets |      0|        0|Passed |Multi driven nets |
+------+------------------+-------+---------+-------+------------------+
---------------------------------------------------------------------------------
Start Handling Custom Attributes
---------------------------------------------------------------------------------
---------------------------------------------------------------------------------
Finished Handling Custom Attributes : Time (s): cpu = 00:00:04 ; elapsed = 00:00:04 . Memory (MB): peak = 440.582 ; gain = 152.234
---------------------------------------------------------------------------------
---------------------------------------------------------------------------------
Finished RTL Optimization Phase 1 : Time (s): cpu = 00:00:04 ; elapsed = 00:00:04 . Memory (MB): peak = 440.582 ; gain = 152.234
---------------------------------------------------------------------------------
INFO: [Device 21-403] Loading part xc7a100tcsg324-1
INFO: [Project 1-570] Preparing netlist for logic optimization

Processing XDC Constraints
Initializing timing engine
Parsing XDC File [c:/Users/Chris/Desktop/Github/cecs460/ProjectOne_460_blaze/ProjectOne_460_blaze.srcs/sources_1/ip/scratch_ram/scratch_ram/scratch_ram_in_context.xdc] for cell 'tb/tramelblaze/sr'
Finished Parsing XDC File [c:/Users/Chris/Desktop/Github/cecs460/ProjectOne_460_blaze/ProjectOne_460_blaze.srcs/sources_1/ip/scratch_ram/scratch_ram/scratch_ram_in_context.xdc] for cell 'tb/tramelblaze/sr'
Parsing XDC File [c:/Users/Chris/Desktop/Github/cecs460/ProjectOne_460_blaze/ProjectOne_460_blaze.srcs/sources_1/ip/stack_ram/stack_ram/stack_ram_in_context.xdc] for cell 'tb/tramelblaze/stkr'
Finished Parsing XDC File [c:/Users/Chris/Desktop/Github/cecs460/ProjectOne_460_blaze/ProjectOne_460_blaze.srcs/sources_1/ip/stack_ram/stack_ram/stack_ram_in_context.xdc] for cell 'tb/tramelblaze/stkr'
Parsing XDC File [c:/Users/Chris/Desktop/Github/cecs460/ProjectOne_460_blaze/ProjectOne_460_blaze.srcs/sources_1/ip/tb_rom/tb_rom/tb_rom_in_context.xdc] for cell 'tb/your_instance_name'
Finished Parsing XDC File [c:/Users/Chris/Desktop/Github/cecs460/ProjectOne_460_blaze/ProjectOne_460_blaze.srcs/sources_1/ip/tb_rom/tb_rom/tb_rom_in_context.xdc] for cell 'tb/your_instance_name'
Parsing XDC File [C:/Users/Chris/Desktop/Github/cecs460/project_1/project_1.srcs/sources_1/new/Nexys4DDR_Master.xdc]
Finished Parsing XDC File [C:/Users/Chris/Desktop/Github/cecs460/project_1/project_1.srcs/sources_1/new/Nexys4DDR_Master.xdc]
INFO: [Project 1-236] Implementation specific constraints were found while reading constraint file [C:/Users/Chris/Desktop/Github/cecs460/project_1/project_1.srcs/sources_1/new/Nexys4DDR_Master.xdc]. These constraints will be ignored for synthesis but will be used in implementation. Impacted constraints are listed in the file [.Xil/top_module_propImpl.xdc].
Resolution: To avoid this warning, move constraints listed in [.Xil/top_module_propImpl.xdc] to another XDC file and exclude this new file from synthesis with the used_in_synthesis property (File Properties dialog in GUI) and re-run elaboration/synthesis.
Parsing XDC File [C:/Users/Chris/Desktop/Github/cecs460/ProjectOne_460_blaze/ProjectOne_460_blaze.runs/synth_1/dont_touch.xdc]
Finished Parsing XDC File [C:/Users/Chris/Desktop/Github/cecs460/ProjectOne_460_blaze/ProjectOne_460_blaze.runs/synth_1/dont_touch.xdc]
Completed Processing XDC Constraints

INFO: [Project 1-111] Unisim Transformation Summary:
No Unisim elements were transformed.

Constraint Validation Runtime : Time (s): cpu = 00:00:00 ; elapsed = 00:00:00.004 . Memory (MB): peak = 793.883 ; gain = 0.000
---------------------------------------------------------------------------------
Finished Constraint Validation : Time (s): cpu = 00:00:13 ; elapsed = 00:00:16 . Memory (MB): peak = 793.883 ; gain = 505.535
---------------------------------------------------------------------------------
---------------------------------------------------------------------------------
Start Loading Part and Timing Information
---------------------------------------------------------------------------------
Loading part: xc7a100tcsg324-1
---------------------------------------------------------------------------------
Finished Loading Part and Timing Information : Time (s): cpu = 00:00:13 ; elapsed = 00:00:16 . Memory (MB): peak = 793.883 ; gain = 505.535
---------------------------------------------------------------------------------
---------------------------------------------------------------------------------
Start Applying 'set_property' XDC Constraints
---------------------------------------------------------------------------------
Applied set_property DONT_TOUCH = true for tb/tramelblaze/sr. (constraint file  auto generated constraint, line ).
Applied set_property DONT_TOUCH = true for tb/tramelblaze/stkr. (constraint file  auto generated constraint, line ).
Applied set_property DONT_TOUCH = true for tb/your_instance_name. (constraint file  auto generated constraint, line ).
---------------------------------------------------------------------------------
Finished applying 'set_property' XDC Constraints : Time (s): cpu = 00:00:13 ; elapsed = 00:00:16 . Memory (MB): peak = 793.883 ; gain = 505.535
---------------------------------------------------------------------------------
INFO: [Synth 8-4471] merging register 'ldflagPQ_reg' into 'interruptackQ_reg' [C:/Users/Chris/Desktop/Github/cecs460/ProjectOne_460_blaze/ProjectOne_460_blaze.srcs/sources_1/new/tramelblaze.v:389]
WARNING: [Synth 8-6014] Unused sequential element ldflagPQ_reg was removed.  [C:/Users/Chris/Desktop/Github/cecs460/ProjectOne_460_blaze/ProjectOne_460_blaze.srcs/sources_1/new/tramelblaze.v:389]
INFO: [Synth 8-5818] HDL ADVISOR - The operator resource <adder> is shared. To prevent sharing consider applying a KEEP on the output of the operator [C:/Users/Chris/Desktop/Github/cecs460/ProjectOne_460_blaze/ProjectOne_460_blaze.srcs/sources_1/new/tramelblaze.v:340]
INFO: [Synth 8-802] inferred FSM for state register 'stateQ_reg' in module 'tramelblaze'
INFO: [Synth 8-5544] ROM "regfile_reg[0]" won't be mapped to Block RAM because address size (4) smaller than threshold (5)
INFO: [Synth 8-5544] ROM "regfile_reg[1]" won't be mapped to Block RAM because address size (4) smaller than threshold (5)
INFO: [Synth 8-5544] ROM "regfile_reg[2]" won't be mapped to Block RAM because address size (4) smaller than threshold (5)
INFO: [Synth 8-5544] ROM "regfile_reg[3]" won't be mapped to Block RAM because address size (4) smaller than threshold (5)
INFO: [Synth 8-5544] ROM "regfile_reg[4]" won't be mapped to Block RAM because address size (4) smaller than threshold (5)
INFO: [Synth 8-5544] ROM "regfile_reg[5]" won't be mapped to Block RAM because address size (4) smaller than threshold (5)
INFO: [Synth 8-5544] ROM "regfile_reg[6]" won't be mapped to Block RAM because address size (4) smaller than threshold (5)
INFO: [Synth 8-5544] ROM "regfile_reg[7]" won't be mapped to Block RAM because address size (4) smaller than threshold (5)
INFO: [Synth 8-5544] ROM "regfile_reg[8]" won't be mapped to Block RAM because address size (4) smaller than threshold (5)
INFO: [Synth 8-5544] ROM "regfile_reg[9]" won't be mapped to Block RAM because address size (4) smaller than threshold (5)
INFO: [Synth 8-5544] ROM "regfile_reg[10]" won't be mapped to Block RAM because address size (4) smaller than threshold (5)
INFO: [Synth 8-5544] ROM "regfile_reg[11]" won't be mapped to Block RAM because address size (4) smaller than threshold (5)
INFO: [Synth 8-5544] ROM "regfile_reg[12]" won't be mapped to Block RAM because address size (4) smaller than threshold (5)
INFO: [Synth 8-5544] ROM "regfile_reg[13]" won't be mapped to Block RAM because address size (4) smaller than threshold (5)
INFO: [Synth 8-5544] ROM "regfile_reg[14]" won't be mapped to Block RAM because address size (4) smaller than threshold (5)
INFO: [Synth 8-5544] ROM "regfile_reg[15]" won't be mapped to Block RAM because address size (4) smaller than threshold (5)
INFO: [Synth 8-5546] ROM "wtsrX" won't be mapped to RAM because it is too sparse
INFO: [Synth 8-5546] ROM "sel_alubX" won't be mapped to RAM because it is too sparse
INFO: [Synth 8-5546] ROM "enintX" won't be mapped to RAM because it is too sparse
INFO: [Synth 8-5546] ROM "disintX" won't be mapped to RAM because it is too sparse
INFO: [Synth 8-5546] ROM "sel_portidX" won't be mapped to RAM because it is too sparse
INFO: [Synth 8-5546] ROM "sel_rfwX" won't be mapped to RAM because it is too sparse
INFO: [Synth 8-5546] ROM "flag_selX" won't be mapped to RAM because it is too sparse
INFO: [Synth 8-5546] ROM "alu_opX" won't be mapped to RAM because it is too sparse
INFO: [Synth 8-5546] ROM "enableportidX" won't be mapped to RAM because it is too sparse
INFO: [Synth 8-5546] ROM "enableinportX" won't be mapped to RAM because it is too sparse
INFO: [Synth 8-5546] ROM "enableoutportX" won't be mapped to RAM because it is too sparse
INFO: [Synth 8-5544] ROM "writestrobeX" won't be mapped to Block RAM because address size (4) smaller than threshold (5)
INFO: [Synth 8-5544] ROM "readstrobeX" won't be mapped to Block RAM because address size (4) smaller than threshold (5)
INFO: [Synth 8-5544] ROM "stateX" won't be mapped to Block RAM because address size (1) smaller than threshold (5)
INFO: [Synth 8-5544] ROM "stateX" won't be mapped to Block RAM because address size (1) smaller than threshold (5)
INFO: [Synth 8-5544] ROM "stateX" won't be mapped to Block RAM because address size (1) smaller than threshold (5)
INFO: [Synth 8-5544] ROM "stateX" won't be mapped to Block RAM because address size (1) smaller than threshold (5)
INFO: [Synth 8-5544] ROM "stateX" won't be mapped to Block RAM because address size (1) smaller than threshold (5)
INFO: [Synth 8-5544] ROM "stateX" won't be mapped to Block RAM because address size (1) smaller than threshold (5)
INFO: [Synth 8-5544] ROM "stateX" won't be mapped to Block RAM because address size (1) smaller than threshold (5)
INFO: [Synth 8-5544] ROM "stateX" won't be mapped to Block RAM because address size (1) smaller than threshold (5)
INFO: [Synth 8-5544] ROM "stateX" won't be mapped to Block RAM because address size (1) smaller than threshold (5)
INFO: [Synth 8-5544] ROM "stateX" won't be mapped to Block RAM because address size (1) smaller than threshold (5)
INFO: [Synth 8-802] inferred FSM for state register 'PS_reg' in module 'display'
INFO: [Synth 8-5544] ROM "a" won't be mapped to Block RAM because address size (3) smaller than threshold (5)
INFO: [Synth 8-5544] ROM "NS" won't be mapped to Block RAM because address size (3) smaller than threshold (5)
---------------------------------------------------------------------------------------------------
                   State |                     New Encoding |                Previous Encoding 
---------------------------------------------------------------------------------------------------
                   FETCH |                             0000 |                             0000
                  DECODE |                             0001 |                             0001
                  SECOND |                             0010 |                             0010
                   THIRD |                             0011 |                             0011
                 EXECUTE |                             0100 |                             0100
                 ENDCALL |                             0101 |                             0110
              FETCH_XY_2 |                             0110 |                             1111
              FETCH_XK_2 |                             0111 |                             1110
              INPUT_XY_2 |                             1000 |                             1101
              INPUT_XP_2 |                             1001 |                             1100
             OUTPUT_XK_2 |                             1010 |                             1010
             OUTPUT_XY_2 |                             1011 |                             1011
                   ENDIT |                             1100 |                             0101
                  ENDRET |                             1101 |                             0111
                 ENDRET2 |                             1110 |                             1000
                 ENDRET3 |                             1111 |                             1001
---------------------------------------------------------------------------------------------------
INFO: [Synth 8-3354] encoded FSM with state register 'stateQ_reg' using encoding 'sequential' in module 'tramelblaze'
---------------------------------------------------------------------------------------------------
                   State |                     New Encoding |                Previous Encoding 
---------------------------------------------------------------------------------------------------
                  iSTATE |                              000 |                              000
                 iSTATE0 |                              001 |                              001
                 iSTATE1 |                              010 |                              010
                 iSTATE2 |                              011 |                              011
                 iSTATE3 |                              100 |                              100
                 iSTATE4 |                              101 |                              101
                 iSTATE5 |                              110 |                              110
                 iSTATE6 |                              111 |                              111
---------------------------------------------------------------------------------------------------
INFO: [Synth 8-3354] encoded FSM with state register 'PS_reg' using encoding 'sequential' in module 'display'
---------------------------------------------------------------------------------
Finished RTL Optimization Phase 2 : Time (s): cpu = 00:00:14 ; elapsed = 00:00:17 . Memory (MB): peak = 793.883 ; gain = 505.535
---------------------------------------------------------------------------------

Report RTL Partitions: 
+-+--------------+------------+----------+
| |RTL Partition |Replication |Instances |
+-+--------------+------------+----------+
+-+--------------+------------+----------+
---------------------------------------------------------------------------------
Start RTL Component Statistics 
---------------------------------------------------------------------------------
Detailed RTL Component Info : 
+---Adders : 
	   2 Input     20 Bit       Adders := 1     
	   3 Input     17 Bit       Adders := 2     
	   2 Input     17 Bit       Adders := 1     
	   2 Input     16 Bit       Adders := 2     
	   2 Input      7 Bit       Adders := 3     
+---XORs : 
	   2 Input     17 Bit         XORs := 1     
+---XORs : 
	               16 Bit    Wide XORs := 1     
+---Registers : 
	               17 Bit    Registers := 1     
	               16 Bit    Registers := 20    
	                7 Bit    Registers := 1     
	                5 Bit    Registers := 1     
	                3 Bit    Registers := 3     
	                2 Bit    Registers := 1     
	                1 Bit    Registers := 29    
+---Muxes : 
	   2 Input     16 Bit        Muxes := 2     
	   4 Input     16 Bit        Muxes := 1     
	   8 Input      8 Bit        Muxes := 1     
	   2 Input      7 Bit        Muxes := 2     
	  59 Input      5 Bit        Muxes := 1     
	  16 Input      5 Bit        Muxes := 1     
	  16 Input      4 Bit        Muxes := 1     
	   2 Input      4 Bit        Muxes := 10    
	  59 Input      4 Bit        Muxes := 1     
	   8 Input      4 Bit        Muxes := 1     
	  59 Input      3 Bit        Muxes := 1     
	  16 Input      3 Bit        Muxes := 2     
	   8 Input      3 Bit        Muxes := 1     
	  59 Input      2 Bit        Muxes := 2     
	   2 Input      2 Bit        Muxes := 2     
	  16 Input      2 Bit        Muxes := 1     
	   4 Input      1 Bit        Muxes := 2     
	  59 Input      1 Bit        Muxes := 9     
	   2 Input      1 Bit        Muxes := 19    
	  16 Input      1 Bit        Muxes := 18    
---------------------------------------------------------------------------------
Finished RTL Component Statistics 
---------------------------------------------------------------------------------
---------------------------------------------------------------------------------
Start RTL Hierarchical Component Statistics 
---------------------------------------------------------------------------------
Hierarchical RTL Component report 
Module AISO 
Detailed RTL Component Info : 
+---Registers : 
	                1 Bit    Registers := 2     
Module debounce 
Detailed RTL Component Info : 
+---Adders : 
	   2 Input     20 Bit       Adders := 1     
+---Registers : 
	                3 Bit    Registers := 1     
Module PED 
Detailed RTL Component Info : 
+---Registers : 
	                1 Bit    Registers := 2     
Module sr_flop 
Detailed RTL Component Info : 
+---Registers : 
	                1 Bit    Registers := 1     
+---Muxes : 
	   4 Input      1 Bit        Muxes := 2     
Module tramelblaze 
Detailed RTL Component Info : 
+---Adders : 
	   3 Input     17 Bit       Adders := 2     
	   2 Input     17 Bit       Adders := 1     
	   2 Input     16 Bit       Adders := 2     
	   2 Input      7 Bit       Adders := 3     
+---XORs : 
	   2 Input     17 Bit         XORs := 1     
+---XORs : 
	               16 Bit    Wide XORs := 1     
+---Registers : 
	               17 Bit    Registers := 1     
	               16 Bit    Registers := 19    
	                7 Bit    Registers := 1     
	                5 Bit    Registers := 1     
	                3 Bit    Registers := 2     
	                2 Bit    Registers := 1     
	                1 Bit    Registers := 24    
+---Muxes : 
	   2 Input     16 Bit        Muxes := 2     
	   4 Input     16 Bit        Muxes := 1     
	   2 Input      7 Bit        Muxes := 2     
	  59 Input      5 Bit        Muxes := 1     
	  16 Input      5 Bit        Muxes := 1     
	  16 Input      4 Bit        Muxes := 1     
	   2 Input      4 Bit        Muxes := 10    
	  59 Input      4 Bit        Muxes := 1     
	  59 Input      3 Bit        Muxes := 1     
	  16 Input      3 Bit        Muxes := 2     
	  59 Input      2 Bit        Muxes := 2     
	   2 Input      2 Bit        Muxes := 2     
	  16 Input      2 Bit        Muxes := 1     
	  59 Input      1 Bit        Muxes := 9     
	   2 Input      1 Bit        Muxes := 19    
	  16 Input      1 Bit        Muxes := 18    
Module d_ff 
Detailed RTL Component Info : 
+---Registers : 
	               16 Bit    Registers := 1     
Module display 
Detailed RTL Component Info : 
+---Muxes : 
	   8 Input      8 Bit        Muxes := 1     
	   8 Input      4 Bit        Muxes := 1     
	   8 Input      3 Bit        Muxes := 1     
---------------------------------------------------------------------------------
Finished RTL Hierarchical Component Statistics
---------------------------------------------------------------------------------
---------------------------------------------------------------------------------
Start Part Resource Summary
---------------------------------------------------------------------------------
Part Resources:
DSPs: 240 (col length:80)
BRAMs: 270 (col length: RAMB18 80 RAMB36 40)
---------------------------------------------------------------------------------
Finished Part Resource Summary
---------------------------------------------------------------------------------
---------------------------------------------------------------------------------
Start Cross Boundary and Area Optimization
---------------------------------------------------------------------------------
Warning: Parallel synthesis criteria is not met 
INFO: [Synth 8-5546] ROM "enableoutportX" won't be mapped to RAM because it is too sparse
INFO: [Synth 8-5546] ROM "enableinportX" won't be mapped to RAM because it is too sparse
INFO: [Synth 8-5546] ROM "enableportidX" won't be mapped to RAM because it is too sparse
INFO: [Synth 8-5546] ROM "alu_opX" won't be mapped to RAM because it is too sparse
INFO: [Synth 8-5546] ROM "flag_selX" won't be mapped to RAM because it is too sparse
INFO: [Synth 8-5546] ROM "sel_rfwX" won't be mapped to RAM because it is too sparse
INFO: [Synth 8-5546] ROM "sel_portidX" won't be mapped to RAM because it is too sparse
INFO: [Synth 8-5546] ROM "disintX" won't be mapped to RAM because it is too sparse
INFO: [Synth 8-5546] ROM "enintX" won't be mapped to RAM because it is too sparse
INFO: [Synth 8-5546] ROM "sel_alubX" won't be mapped to RAM because it is too sparse
INFO: [Synth 8-5546] ROM "wtsrX" won't be mapped to RAM because it is too sparse
WARNING: [Synth 8-3332] Sequential element (tb/tramelblaze/readstrobeQ_reg) is unused and will be removed from module top_module.
---------------------------------------------------------------------------------
Finished Cross Boundary and Area Optimization : Time (s): cpu = 00:00:28 ; elapsed = 00:00:31 . Memory (MB): peak = 793.883 ; gain = 505.535
---------------------------------------------------------------------------------
---------------------------------------------------------------------------------
Start ROM, RAM, DSP and Shift Register Reporting
---------------------------------------------------------------------------------

ROM:
+------------+------------+---------------+----------------+
|Module Name | RTL Object | Depth x Width | Implemented As | 
+------------+------------+---------------+----------------+
|debounce    | NS         | 32x3          | LUT            | 
|tramelblaze | wtrfX      | 128x1         | LUT            | 
|tramelblaze | ldflagX    | 128x1         | LUT            | 
|tramelblaze | wtrfX      | 128x1         | LUT            | 
|tramelblaze | ldflagX    | 128x1         | LUT            | 
|top_module  | db/NS      | 32x3          | LUT            | 
+------------+------------+---------------+----------------+

---------------------------------------------------------------------------------
Finished ROM, RAM, DSP and Shift Register Reporting
---------------------------------------------------------------------------------

Report RTL Partitions: 
+-+--------------+------------+----------+
| |RTL Partition |Replication |Instances |
+-+--------------+------------+----------+
+-+--------------+------------+----------+
---------------------------------------------------------------------------------
Start Applying XDC Timing Constraints
---------------------------------------------------------------------------------
---------------------------------------------------------------------------------
Finished Applying XDC Timing Constraints : Time (s): cpu = 00:00:37 ; elapsed = 00:00:41 . Memory (MB): peak = 793.883 ; gain = 505.535
---------------------------------------------------------------------------------
---------------------------------------------------------------------------------
Start Timing Optimization
---------------------------------------------------------------------------------
---------------------------------------------------------------------------------
Finished Timing Optimization : Time (s): cpu = 00:00:37 ; elapsed = 00:00:42 . Memory (MB): peak = 793.883 ; gain = 505.535
---------------------------------------------------------------------------------

Report RTL Partitions: 
+-+--------------+------------+----------+
| |RTL Partition |Replication |Instances |
+-+--------------+------------+----------+
+-+--------------+------------+----------+
---------------------------------------------------------------------------------
Start Technology Mapping
---------------------------------------------------------------------------------
INFO: [Synth 8-4765] Removing register instance (\db/count_reg[19]__0 ) from module (top_module) as it is equivalent to (\db/count_reg[19] ) and driving same net [C:/Users/Chris/Desktop/Github/cecs460/ProjectOne_460_blaze/ProjectOne_460_blaze.srcs/sources_1/new/debounce.v:41]
INFO: [Synth 8-4765] Removing register instance (\db/count_reg[18]__0 ) from module (top_module) as it is equivalent to (\db/count_reg[18] ) and driving same net [C:/Users/Chris/Desktop/Github/cecs460/ProjectOne_460_blaze/ProjectOne_460_blaze.srcs/sources_1/new/debounce.v:41]
INFO: [Synth 8-4765] Removing register instance (\db/count_reg[17]__0 ) from module (top_module) as it is equivalent to (\db/count_reg[17] ) and driving same net [C:/Users/Chris/Desktop/Github/cecs460/ProjectOne_460_blaze/ProjectOne_460_blaze.srcs/sources_1/new/debounce.v:41]
INFO: [Synth 8-4765] Removing register instance (\db/count_reg[16]__0 ) from module (top_module) as it is equivalent to (\db/count_reg[16] ) and driving same net [C:/Users/Chris/Desktop/Github/cecs460/ProjectOne_460_blaze/ProjectOne_460_blaze.srcs/sources_1/new/debounce.v:41]
INFO: [Synth 8-4765] Removing register instance (\db/count_reg[15]__0 ) from module (top_module) as it is equivalent to (\db/count_reg[15] ) and driving same net [C:/Users/Chris/Desktop/Github/cecs460/ProjectOne_460_blaze/ProjectOne_460_blaze.srcs/sources_1/new/debounce.v:41]
INFO: [Synth 8-4765] Removing register instance (\db/count_reg[14]__0 ) from module (top_module) as it is equivalent to (\db/count_reg[14] ) and driving same net [C:/Users/Chris/Desktop/Github/cecs460/ProjectOne_460_blaze/ProjectOne_460_blaze.srcs/sources_1/new/debounce.v:41]
INFO: [Synth 8-4765] Removing register instance (\db/count_reg[13]__0 ) from module (top_module) as it is equivalent to (\db/count_reg[13] ) and driving same net [C:/Users/Chris/Desktop/Github/cecs460/ProjectOne_460_blaze/ProjectOne_460_blaze.srcs/sources_1/new/debounce.v:41]
INFO: [Synth 8-4765] Removing register instance (\db/count_reg[12]__0 ) from module (top_module) as it is equivalent to (\db/count_reg[12] ) and driving same net [C:/Users/Chris/Desktop/Github/cecs460/ProjectOne_460_blaze/ProjectOne_460_blaze.srcs/sources_1/new/debounce.v:41]
INFO: [Synth 8-4765] Removing register instance (\db/count_reg[11]__0 ) from module (top_module) as it is equivalent to (\db/count_reg[11] ) and driving same net [C:/Users/Chris/Desktop/Github/cecs460/ProjectOne_460_blaze/ProjectOne_460_blaze.srcs/sources_1/new/debounce.v:41]
INFO: [Synth 8-4765] Removing register instance (\db/count_reg[10]__0 ) from module (top_module) as it is equivalent to (\db/count_reg[10] ) and driving same net [C:/Users/Chris/Desktop/Github/cecs460/ProjectOne_460_blaze/ProjectOne_460_blaze.srcs/sources_1/new/debounce.v:41]
INFO: [Synth 8-4765] Removing register instance (\db/count_reg[9]__0 ) from module (top_module) as it is equivalent to (\db/count_reg[9] ) and driving same net [C:/Users/Chris/Desktop/Github/cecs460/ProjectOne_460_blaze/ProjectOne_460_blaze.srcs/sources_1/new/debounce.v:41]
INFO: [Synth 8-4765] Removing register instance (\db/count_reg[8]__0 ) from module (top_module) as it is equivalent to (\db/count_reg[8] ) and driving same net [C:/Users/Chris/Desktop/Github/cecs460/ProjectOne_460_blaze/ProjectOne_460_blaze.srcs/sources_1/new/debounce.v:41]
INFO: [Synth 8-4765] Removing register instance (\db/count_reg[7]__0 ) from module (top_module) as it is equivalent to (\db/count_reg[7] ) and driving same net [C:/Users/Chris/Desktop/Github/cecs460/ProjectOne_460_blaze/ProjectOne_460_blaze.srcs/sources_1/new/debounce.v:41]
INFO: [Synth 8-4765] Removing register instance (\db/count_reg[6]__0 ) from module (top_module) as it is equivalent to (\db/count_reg[6] ) and driving same net [C:/Users/Chris/Desktop/Github/cecs460/ProjectOne_460_blaze/ProjectOne_460_blaze.srcs/sources_1/new/debounce.v:41]
INFO: [Synth 8-4765] Removing register instance (\db/count_reg[5]__0 ) from module (top_module) as it is equivalent to (\db/count_reg[5] ) and driving same net [C:/Users/Chris/Desktop/Github/cecs460/ProjectOne_460_blaze/ProjectOne_460_blaze.srcs/sources_1/new/debounce.v:41]
INFO: [Synth 8-4765] Removing register instance (\db/count_reg[4]__0 ) from module (top_module) as it is equivalent to (\db/count_reg[4] ) and driving same net [C:/Users/Chris/Desktop/Github/cecs460/ProjectOne_460_blaze/ProjectOne_460_blaze.srcs/sources_1/new/debounce.v:41]
INFO: [Synth 8-4765] Removing register instance (\db/count_reg[3]__0 ) from module (top_module) as it is equivalent to (\db/count_reg[3] ) and driving same net [C:/Users/Chris/Desktop/Github/cecs460/ProjectOne_460_blaze/ProjectOne_460_blaze.srcs/sources_1/new/debounce.v:41]
INFO: [Synth 8-4765] Removing register instance (\db/count_reg[2]__0 ) from module (top_module) as it is equivalent to (\db/count_reg[2] ) and driving same net [C:/Users/Chris/Desktop/Github/cecs460/ProjectOne_460_blaze/ProjectOne_460_blaze.srcs/sources_1/new/debounce.v:41]
INFO: [Synth 8-4765] Removing register instance (\db/count_reg[1]__0 ) from module (top_module) as it is equivalent to (\db/count_reg[1] ) and driving same net [C:/Users/Chris/Desktop/Github/cecs460/ProjectOne_460_blaze/ProjectOne_460_blaze.srcs/sources_1/new/debounce.v:41]
INFO: [Synth 8-4765] Removing register instance (\db/count_reg[0]__0 ) from module (top_module) as it is equivalent to (\db/count_reg[0] ) and driving same net [C:/Users/Chris/Desktop/Github/cecs460/ProjectOne_460_blaze/ProjectOne_460_blaze.srcs/sources_1/new/debounce.v:41]
---------------------------------------------------------------------------------
Finished Technology Mapping : Time (s): cpu = 00:00:37 ; elapsed = 00:00:42 . Memory (MB): peak = 815.008 ; gain = 526.660
---------------------------------------------------------------------------------

Report RTL Partitions: 
+-+--------------+------------+----------+
| |RTL Partition |Replication |Instances |
+-+--------------+------------+----------+
+-+--------------+------------+----------+
---------------------------------------------------------------------------------
Start IO Insertion
---------------------------------------------------------------------------------
---------------------------------------------------------------------------------
Start Flattening Before IO Insertion
---------------------------------------------------------------------------------
---------------------------------------------------------------------------------
Finished Flattening Before IO Insertion
---------------------------------------------------------------------------------
---------------------------------------------------------------------------------
Start Final Netlist Cleanup
---------------------------------------------------------------------------------
---------------------------------------------------------------------------------
Finished Final Netlist Cleanup
---------------------------------------------------------------------------------
---------------------------------------------------------------------------------
Finished IO Insertion : Time (s): cpu = 00:00:39 ; elapsed = 00:00:43 . Memory (MB): peak = 815.008 ; gain = 526.660
---------------------------------------------------------------------------------

Report Check Netlist: 
+------+------------------+-------+---------+-------+------------------+
|      |Item              |Errors |Warnings |Status |Description       |
+------+------------------+-------+---------+-------+------------------+
|1     |multi_driven_nets |      0|        0|Passed |Multi driven nets |
+------+------------------+-------+---------+-------+------------------+
---------------------------------------------------------------------------------
Start Renaming Generated Instances
---------------------------------------------------------------------------------
---------------------------------------------------------------------------------
Finished Renaming Generated Instances : Time (s): cpu = 00:00:39 ; elapsed = 00:00:43 . Memory (MB): peak = 815.008 ; gain = 526.660
---------------------------------------------------------------------------------

Report RTL Partitions: 
+-+--------------+------------+----------+
| |RTL Partition |Replication |Instances |
+-+--------------+------------+----------+
+-+--------------+------------+----------+
---------------------------------------------------------------------------------
Start Rebuilding User Hierarchy
---------------------------------------------------------------------------------
---------------------------------------------------------------------------------
Finished Rebuilding User Hierarchy : Time (s): cpu = 00:00:39 ; elapsed = 00:00:43 . Memory (MB): peak = 815.008 ; gain = 526.660
---------------------------------------------------------------------------------
---------------------------------------------------------------------------------
Start Renaming Generated Ports
---------------------------------------------------------------------------------
---------------------------------------------------------------------------------
Finished Renaming Generated Ports : Time (s): cpu = 00:00:39 ; elapsed = 00:00:43 . Memory (MB): peak = 815.008 ; gain = 526.660
---------------------------------------------------------------------------------
---------------------------------------------------------------------------------
Start Handling Custom Attributes
---------------------------------------------------------------------------------
---------------------------------------------------------------------------------
Finished Handling Custom Attributes : Time (s): cpu = 00:00:39 ; elapsed = 00:00:43 . Memory (MB): peak = 815.008 ; gain = 526.660
---------------------------------------------------------------------------------
---------------------------------------------------------------------------------
Start Renaming Generated Nets
---------------------------------------------------------------------------------
---------------------------------------------------------------------------------
Finished Renaming Generated Nets : Time (s): cpu = 00:00:39 ; elapsed = 00:00:43 . Memory (MB): peak = 815.008 ; gain = 526.660
---------------------------------------------------------------------------------
---------------------------------------------------------------------------------
Start Writing Synthesis Report
---------------------------------------------------------------------------------

Report BlackBoxes: 
+------+--------------+----------+
|      |BlackBox name |Instances |
+------+--------------+----------+
|1     |tb_rom        |         1|
|2     |stack_ram     |         1|
|3     |scratch_ram   |         1|
+------+--------------+----------+

Report Cell Usage: 
+------+------------+------+
|      |Cell        |Count |
+------+------------+------+
|1     |scratch_ram |     1|
|2     |stack_ram   |     1|
|3     |tb_rom      |     1|
|4     |BUFG        |     1|
|5     |CARRY4      |    33|
|6     |LUT1        |    37|
|7     |LUT2        |    98|
|8     |LUT3        |    69|
|9     |LUT4        |    38|
|10    |LUT5        |   105|
|11    |LUT6        |   315|
|12    |MUXF7       |   100|
|13    |MUXF8       |    16|
|14    |FDCE        |   433|
|15    |FDPE        |     2|
|16    |IBUF        |     4|
|17    |OBUF        |    15|
+------+------------+------+

Report Instance Areas: 
+------+----------------+----------------+------+
|      |Instance        |Module          |Cells |
+------+----------------+----------------+------+
|1     |top             |                |  1314|
|2     |  AISO          |AISO            |     6|
|3     |  d1            |d_ff            |    27|
|4     |  db            |debounce        |    56|
|5     |  interrupt     |sr_flop         |     1|
|6     |  ped           |PED             |     3|
|7     |  ss            |display         |    65|
|8     |  tb            |tramelblaze_top |  1136|
|9     |    tramelblaze |tramelblaze     |  1120|
+------+----------------+----------------+------+
---------------------------------------------------------------------------------
Finished Writing Synthesis Report : Time (s): cpu = 00:00:39 ; elapsed = 00:00:43 . Memory (MB): peak = 815.008 ; gain = 526.660
---------------------------------------------------------------------------------
Synthesis finished with 0 errors, 0 critical warnings and 2 warnings.
Synthesis Optimization Runtime : Time (s): cpu = 00:00:28 ; elapsed = 00:00:35 . Memory (MB): peak = 815.008 ; gain = 173.359
Synthesis Optimization Complete : Time (s): cpu = 00:00:39 ; elapsed = 00:00:44 . Memory (MB): peak = 815.008 ; gain = 526.660
INFO: [Project 1-571] Translating synthesized netlist
INFO: [Netlist 29-17] Analyzing 153 Unisim elements for replacement
INFO: [Netlist 29-28] Unisim Transformation completed in 0 CPU seconds
WARNING: [Netlist 29-101] Netlist 'top_module' is not ideal for floorplanning, since the cellview 'tramelblaze' contains a large number of primitives.  Please consider enabling hierarchy in synthesis if you want to do floorplanning.
INFO: [Project 1-570] Preparing netlist for logic optimization
INFO: [Opt 31-138] Pushed 0 inverter(s) to 0 load pin(s).
INFO: [Project 1-111] Unisim Transformation Summary:
No Unisim elements were transformed.

INFO: [Common 17-83] Releasing license: Synthesis
119 Infos, 4 Warnings, 0 Critical Warnings and 0 Errors encountered.
synth_design completed successfully
synth_design: Time (s): cpu = 00:00:41 ; elapsed = 00:00:46 . Memory (MB): peak = 815.008 ; gain = 538.129
WARNING: [Constraints 18-5210] No constraint will be written out.
INFO: [Common 17-1381] The checkpoint 'C:/Users/Chris/Desktop/Github/cecs460/ProjectOne_460_blaze/ProjectOne_460_blaze.runs/synth_1/top_module.dcp' has been generated.
INFO: [runtcl-4] Executing : report_utilization -file top_module_utilization_synth.rpt -pb top_module_utilization_synth.pb
report_utilization: Time (s): cpu = 00:00:00 ; elapsed = 00:00:00.053 . Memory (MB): peak = 815.008 ; gain = 0.000
INFO: [Common 17-206] Exiting Vivado at Wed Feb  6 15:19:49 2019...
