INFO: [VRFC 10-2263] Analyzing Verilog file "C:/Users/Chris/Documents/GitHub/CECS_460/ProjectOne_460_blaze/ProjectOne_460_blaze.srcs/sources_1/ip/tb_rom/sim/tb_rom.v" into library xil_defaultlib
INFO: [VRFC 10-311] analyzing module tb_rom
INFO: [VRFC 10-2263] Analyzing Verilog file "C:/Users/Chris/Documents/GitHub/CECS_460/ProjectOne_460_blaze/ProjectOne_460_blaze.srcs/sources_1/ip/scratch_ram/sim/scratch_ram.v" into library xil_defaultlib
INFO: [VRFC 10-311] analyzing module scratch_ram
INFO: [VRFC 10-2263] Analyzing Verilog file "C:/Users/Chris/Documents/GitHub/CECS_460/ProjectOne_460_blaze/ProjectOne_460_blaze.srcs/sources_1/ip/stack_ram/sim/stack_ram.v" into library xil_defaultlib
INFO: [VRFC 10-311] analyzing module stack_ram
INFO: [VRFC 10-2263] Analyzing Verilog file "C:/Users/Chris/Documents/GitHub/CECS_460/ProjectOne_460_blaze/ProjectOne_460_blaze.srcs/sources_1/new/AISO.v" into library xil_defaultlib
INFO: [VRFC 10-311] analyzing module AISO
INFO: [VRFC 10-2263] Analyzing Verilog file "C:/Users/Chris/Documents/GitHub/CECS_460/ProjectOne_460_blaze/ProjectOne_460_blaze.srcs/sources_1/new/PED.v" into library xil_defaultlib
INFO: [VRFC 10-311] analyzing module PED
INFO: [VRFC 10-2263] Analyzing Verilog file "C:/Users/Chris/Documents/GitHub/CECS_460/ProjectOne_460_blaze/ProjectOne_460_blaze.srcs/sources_1/new/debounce.v" into library xil_defaultlib
INFO: [VRFC 10-311] analyzing module debounce
INFO: [VRFC 10-2263] Analyzing Verilog file "C:/Users/Chris/Documents/GitHub/CECS_460/ProjectOne_460_blaze/ProjectOne_460_blaze.srcs/sources_1/new/tramelblaze.v" into library xil_defaultlib
INFO: [VRFC 10-311] analyzing module tramelblaze
INFO: [VRFC 10-2458] undeclared symbol ldsp, assumed default net type wire [C:/Users/Chris/Documents/GitHub/CECS_460/ProjectOne_460_blaze/ProjectOne_460_blaze.srcs/sources_1/new/tramelblaze.v:203]
INFO: [VRFC 10-2263] Analyzing Verilog file "C:/Users/Chris/Documents/GitHub/CECS_460/ProjectOne_460_blaze/ProjectOne_460_blaze.srcs/sources_1/new/tramelblaze_top.v" into library xil_defaultlib
INFO: [VRFC 10-311] analyzing module tramelblaze_top
INFO: [VRFC 10-2263] Analyzing Verilog file "C:/Users/Chris/Documents/GitHub/CECS_460/ProjectOne_460_blaze/ProjectOne_460_blaze.srcs/sources_1/new/top_module.v" into library xil_defaultlib
INFO: [VRFC 10-311] analyzing module top_module
INFO: [VRFC 10-2263] Analyzing Verilog file "C:/Users/Chris/Documents/GitHub/CECS_460/ProjectOne_460_blaze/ProjectOne_460_blaze.srcs/sources_1/new/sr_flop.v" into library xil_defaultlib
INFO: [VRFC 10-311] analyzing module sr_flop
INFO: [VRFC 10-2263] Analyzing Verilog file "C:/Users/Chris/Documents/GitHub/CECS_460/ProjectOne_460_blaze/ProjectOne_460_blaze.srcs/sources_1/new/d_ff.v" into library xil_defaultlib
INFO: [VRFC 10-311] analyzing module d_ff
INFO: [VRFC 10-2263] Analyzing Verilog file "C:/Users/Chris/Documents/GitHub/CECS_460/ProjectOne_460_blaze/ProjectOne_460_blaze.srcs/sources_1/new/hex_to_seg.v" into library xil_defaultlib
INFO: [VRFC 10-311] analyzing module hex_to_7seg
INFO: [VRFC 10-2263] Analyzing Verilog file "C:/Users/Chris/Documents/GitHub/CECS_460/ProjectOne_460_blaze/ProjectOne_460_blaze.srcs/sources_1/new/disp_cont.v" into library xil_defaultlib
INFO: [VRFC 10-311] analyzing module display
INFO: [VRFC 10-2263] Analyzing Verilog file "C:/Users/Chris/Documents/GitHub/CECS_460/ProjectOne_460_blaze/ProjectOne_460_blaze.srcs/sources_1/new/pulse_gen.v" into library xil_defaultlib
INFO: [VRFC 10-311] analyzing module pulse_gen
INFO: [VRFC 10-2263] Analyzing Verilog file "C:/Users/Chris/Documents/GitHub/CECS_460/ProjectOne_460_blaze/ProjectOne_460_blaze.srcs/sources_1/new/mux81.v" into library xil_defaultlib
INFO: [VRFC 10-311] analyzing module mux_8_1
INFO: [VRFC 10-2263] Analyzing Verilog file "C:/Users/Chris/Documents/GitHub/CECS_460/ProjectOne_460_blaze/ProjectOne_460_blaze.srcs/sources_1/new/p_con.v" into library xil_defaultlib
INFO: [VRFC 10-311] analyzing module px_controller
INFO: [VRFC 10-2263] Analyzing Verilog file "C:/Users/Chris/Documents/GitHub/CECS_460/ProjectOne_460_blaze/ProjectOne_460_blaze.srcs/sim_1/new/ProjectOne_460_blaze_tb.v" into library xil_defaultlib
INFO: [VRFC 10-311] analyzing module ProjectOne_460_blaze_tb
INFO: [VRFC 10-2263] Analyzing Verilog file "C:/Users/Chris/Documents/GitHub/CECS_460/ProjectOne_460_blaze/ProjectOne_460_blaze.srcs/sim_1/new/tramelblaze_tb.v" into library xil_defaultlib
INFO: [VRFC 10-311] analyzing module tramelblaze_top_tb
INFO: [VRFC 10-2263] Analyzing Verilog file "C:/Users/Chris/Documents/GitHub/CECS_460/ProjectOne_460_blaze/ProjectOne_460_blaze.srcs/sim_1/new/pulse_gen_tb.v" into library xil_defaultlib
INFO: [VRFC 10-311] analyzing module pulse_gen_tb
WARNING: [VRFC 10-994] loop statement with empty body is not permitted in this mode of verilog [C:/Users/Chris/Documents/GitHub/CECS_460/ProjectOne_460_blaze/ProjectOne_460_blaze.srcs/sim_1/new/pulse_gen_tb.v:40]
