INFO: [VRFC 10-2263] Analyzing Verilog file "C:/Users/Chris/Desktop/Github/cecs460/ProjectOne_460_blaze/ProjectOne_460_blaze.srcs/sources_1/ip/tb_rom/sim/tb_rom.v" into library xil_defaultlib
INFO: [VRFC 10-311] analyzing module tb_rom
INFO: [VRFC 10-2263] Analyzing Verilog file "C:/Users/Chris/Desktop/Github/cecs460/ProjectOne_460_blaze/ProjectOne_460_blaze.srcs/sources_1/ip/scratch_ram/sim/scratch_ram.v" into library xil_defaultlib
INFO: [VRFC 10-311] analyzing module scratch_ram
INFO: [VRFC 10-2263] Analyzing Verilog file "C:/Users/Chris/Desktop/Github/cecs460/ProjectOne_460_blaze/ProjectOne_460_blaze.srcs/sources_1/ip/stack_ram/sim/stack_ram.v" into library xil_defaultlib
INFO: [VRFC 10-311] analyzing module stack_ram
INFO: [VRFC 10-2263] Analyzing Verilog file "C:/Users/Chris/Desktop/Github/cecs460/ProjectOne_460_blaze/ProjectOne_460_blaze.srcs/sources_1/new/AISO.v" into library xil_defaultlib
INFO: [VRFC 10-311] analyzing module AISO
INFO: [VRFC 10-2263] Analyzing Verilog file "C:/Users/Chris/Desktop/Github/cecs460/ProjectOne_460_blaze/ProjectOne_460_blaze.srcs/sources_1/new/PED.v" into library xil_defaultlib
INFO: [VRFC 10-311] analyzing module PED
INFO: [VRFC 10-2263] Analyzing Verilog file "C:/Users/Chris/Desktop/Github/cecs460/ProjectOne_460_blaze/ProjectOne_460_blaze.srcs/sources_1/new/debounce.v" into library xil_defaultlib
INFO: [VRFC 10-311] analyzing module debounce
INFO: [VRFC 10-2263] Analyzing Verilog file "C:/Users/Chris/Desktop/Github/cecs460/ProjectOne_460_blaze/ProjectOne_460_blaze.srcs/sources_1/new/display.v" into library xil_defaultlib
INFO: [VRFC 10-311] analyzing module display
INFO: [VRFC 10-2263] Analyzing Verilog file "C:/Users/Chris/Desktop/Github/cecs460/ProjectOne_460_blaze/ProjectOne_460_blaze.srcs/sources_1/new/tramelblaze.v" into library xil_defaultlib
INFO: [VRFC 10-311] analyzing module tramelblaze
INFO: [VRFC 10-2458] undeclared symbol ldsp, assumed default net type wire [C:/Users/Chris/Desktop/Github/cecs460/ProjectOne_460_blaze/ProjectOne_460_blaze.srcs/sources_1/new/tramelblaze.v:203]
INFO: [VRFC 10-2263] Analyzing Verilog file "C:/Users/Chris/Desktop/Github/cecs460/ProjectOne_460_blaze/ProjectOne_460_blaze.srcs/sources_1/new/tramelblaze_top.v" into library xil_defaultlib
INFO: [VRFC 10-311] analyzing module tramelblaze_top
INFO: [VRFC 10-2263] Analyzing Verilog file "C:/Users/Chris/Desktop/Github/cecs460/ProjectOne_460_blaze/ProjectOne_460_blaze.srcs/sources_1/new/top_module.v" into library xil_defaultlib
INFO: [VRFC 10-311] analyzing module top_module
INFO: [VRFC 10-2263] Analyzing Verilog file "C:/Users/Chris/Desktop/Github/cecs460/ProjectOne_460_blaze/ProjectOne_460_blaze.srcs/sources_1/new/sr_flop.v" into library xil_defaultlib
INFO: [VRFC 10-311] analyzing module sr_flop
INFO: [VRFC 10-2263] Analyzing Verilog file "C:/Users/Chris/Desktop/Github/cecs460/ProjectOne_460_blaze/ProjectOne_460_blaze.srcs/sources_1/new/d_ff.v" into library xil_defaultlib
INFO: [VRFC 10-311] analyzing module d_ff
INFO: [VRFC 10-2263] Analyzing Verilog file "C:/Users/Chris/Desktop/Github/cecs460/ProjectOne_460_blaze/ProjectOne_460_blaze.srcs/sim_1/new/ProjectOne_460_blaze_tb.v" into library xil_defaultlib
INFO: [VRFC 10-311] analyzing module ProjectOne_460_blaze_tb
INFO: [VRFC 10-2263] Analyzing Verilog file "C:/Users/Chris/Desktop/Github/cecs460/ProjectOne_460_blaze/ProjectOne_460_blaze.srcs/sim_1/new/tramelblaze_tb.v" into library xil_defaultlib
INFO: [VRFC 10-311] analyzing module tramelblaze_top_tb
